<?xml version="1.0" encoding="UTF-8"?>
<!-- Generated by org.testng.reporters.JUnitReportReporter -->
<testsuite hostname="MONO-HYD-LAP-78" name="com.scrapPlant.functions.execution" tests="1" failures="0" timestamp="28 May 2019 09:33:15 GMT" time="2826.570" errors="0">
  <testcase name="Execution" time="2826.570" classname="com.scrapPlant.functions.execution"/>
</testsuite> <!-- com.scrapPlant.functions.execution -->
