<?xml version="1.0" encoding="UTF-8"?>
<!-- Generated by org.testng.reporters.JUnitReportReporter -->
<testsuite hostname="MONO-HYD-LAP-78" name="com.scrapPlant.functions.execution" tests="1" failures="0" timestamp="20 May 2019 11:40:51 GMT" time="0.738" errors="0">
  <testcase name="Execution" time="0.738" classname="com.scrapPlant.functions.execution"/>
</testsuite> <!-- com.scrapPlant.functions.execution -->
